#
# There is insufficient memory for the Java Runtime Environment to continue.
# Native memory allocation (mmap) failed to map 520093696 bytes for G1 virtual space
# Possible reasons:
#   The system is out of physical RAM or swap space
#   The process is running with CompressedOops enabled, and the Java Heap may be blocking the growth of the native heap
# Possible solutions:
#   Reduce memory load on the system
#   Increase physical memory or swap space
#   Check if swap backing store is full
#   Decrease Java heap size (-Xmx/-Xms)
#   Decrease number of Java threads
#   Decrease Java thread stack sizes (-Xss)
#   Set larger code cache with -XX:ReservedCodeCacheSize=
#   JVM is running with Zero Based Compressed Oops mode in which the Java heap is
#     placed in the first 32GB address space. The Java Heap base address is the
#     maximum limit for the native heap growth. Please use -XX:HeapBaseMinAddress
#     to set the Java Heap base and to place the Java Heap above 32GB virtual address.
# This output file may be truncated or incomplete.
#
#  Out of Memory Error (os_windows.cpp:3603), pid=27024, tid=20408
#
# JRE version:  (21.0.9+7) (build )
# Java VM: Java HotSpot(TM) 64-Bit Server VM (21.0.9+7-LTS-338, mixed mode, sharing, tiered, compressed oops, compressed class ptrs, g1 gc, windows-amd64)
# No core dump will be written. Minidumps are not enabled by default on client versions of Windows
#

---------------  S U M M A R Y ------------

Command Line: -Dclassworlds.conf=D:\Apache\Maven\apache-maven-3.9.11\bin\m2.conf -Dmaven.home=D:\Apache\Maven\apache-maven-3.9.11 -Dlibrary.jansi.path=D:\Apache\Maven\apache-maven-3.9.11\lib\jansi-native -Dmaven.multiModuleProjectDirectory=E:\ELM-CLOUD\ELM-CLOUD\elm-gateway-server org.codehaus.plexus.classworlds.launcher.Launcher spring-boot:run

Host: AMD Ryzen 7 H 255 w/ Radeon 780M Graphics, 16 cores, 30G,  Windows 11 , 64 bit Build 26100 (10.0.26100.7920)
Time: Mon Apr  6 18:18:40 2026 elapsed time: 2.064852 seconds (0d 0h 0m 2s)

---------------  T H R E A D  ---------------

Current thread (0x000002859366d730):  JavaThread "Unknown thread" [_thread_in_vm, id=20408, stack(0x000000c553c00000,0x000000c553d00000) (1024K)]

Stack: [0x000000c553c00000,0x000000c553d00000]
Native frames: (J=compiled Java code, j=interpreted, Vv=VM code, C=native code)
V  [jvm.dll+0x6cbf89]
V  [jvm.dll+0x858421]
V  [jvm.dll+0x85a94e]
V  [jvm.dll+0x85b023]
V  [jvm.dll+0x27ebc6]
V  [jvm.dll+0x6c8705]
V  [jvm.dll+0x6bd26a]
V  [jvm.dll+0x354a0a]
V  [jvm.dll+0x35c686]
V  [jvm.dll+0x3af79e]
V  [jvm.dll+0x3afa48]
V  [jvm.dll+0x328d1c]
V  [jvm.dll+0x32987b]
V  [jvm.dll+0x821739]
V  [jvm.dll+0x3bc481]
V  [jvm.dll+0x80a9b8]
V  [jvm.dll+0x45166e]
V  [jvm.dll+0x453261]
C  [jli.dll+0x52a3]
C  [ucrtbase.dll+0x37b0]
C  [KERNEL32.DLL+0x2e8d7]
C  [ntdll.dll+0x8c48c]


---------------  P R O C E S S  ---------------

Threads class SMR info:
_java_thread_list=0x00007fff0351fc08, length=0, elements={
}

Java Threads: ( => current thread )
Total: 0

Other Threads:
  0x0000028595ad5b80 WorkerThread "GC Thread#0"                     [id=30360, stack(0x000000c553d00000,0x000000c553e00000) (1024K)]
  0x0000028595ae6d10 ConcurrentGCThread "G1 Main Marker"            [id=15160, stack(0x000000c553e00000,0x000000c553f00000) (1024K)]
  0x0000028595ae8390 WorkerThread "G1 Conc#0"                       [id=30356, stack(0x000000c553f00000,0x000000c554000000) (1024K)]

[error occurred during error reporting (printing all threads), id 0xc0000005, EXCEPTION_ACCESS_VIOLATION (0xc0000005) at pc=0x00007fff02c8b4a7]
VM state: not at safepoint (not fully initialized)

VM Mutex/Monitor currently owned by a thread:  ([mutex/lock_event])
[0x00007fff03590ef0] Heap_lock - owner thread: 0x000002859366d730

Heap address: 0x0000000613000000, size: 7888 MB, Compressed Oops mode: Zero based, Oop shift amount: 3

CDS archive(s) mapped at: [0x0000000000000000-0x0000000000000000-0x0000000000000000), size 0, SharedBaseAddress: 0x0000000800000000, ArchiveRelocationMode: 1.
Narrow klass base: 0x0000000000000000, Narrow klass shift: 0, Narrow klass range: 0x0

GC Precious Log:
 CardTable entry size: 512
 Card Set container configuration: InlinePtr #cards 4 size 8 Array Of Cards #cards 32 size 80 Howl #buckets 8 coarsen threshold 7372 Howl Bitmap #cards 1024 size 144 coarsen threshold 921 Card regions per heap region 1 cards per card region 8192

Heap:
 garbage-first heap   total 0K, used 0K [0x0000000613000000, 0x0000000800000000)
  region size 4096K, 0 young (0K), 0 survivors (0K)

[error occurred during error reporting (printing heap information), id 0xc0000005, EXCEPTION_ACCESS_VIOLATION (0xc0000005) at pc=0x00007fff03074ff9]
GC Heap History (0 events):
No events

Dll operation events (1 events):
Event: 0.012 Loaded shared library C:\Program Files\Java\jdk-21\bin\java.dll

Deoptimization events (0 events):
No events

Classes loaded (0 events):
No events

Classes unloaded (0 events):
No events

Classes redefined (0 events):
No events

Internal exceptions (0 events):
No events

ZGC Phase Switch (0 events):
No events

VM Operations (0 events):
No events

Events (0 events):
No events


Dynamic libraries:
0x00007ff66f450000 - 0x00007ff66f460000 	C:\Program Files\Java\jdk-21\bin\java.exe
0x00007fffd5c80000 - 0x00007fffd5ee7000 	C:\WINDOWS\SYSTEM32\ntdll.dll
0x00007fffd56a0000 - 0x00007fffd5769000 	C:\WINDOWS\System32\KERNEL32.DLL
0x00007fffd2a30000 - 0x00007fffd2e21000 	C:\WINDOWS\System32\KERNELBASE.dll
0x00007fffd59e0000 - 0x00007fffd5a9b000 	C:\WINDOWS\System32\ADVAPI32.DLL
0x00007fffd5830000 - 0x00007fffd58d9000 	C:\WINDOWS\System32\msvcrt.dll
0x00007fffd4fe0000 - 0x00007fffd5087000 	C:\WINDOWS\System32\sechost.dll
0x00007fffd4cd0000 - 0x00007fffd4de8000 	C:\WINDOWS\System32\RPCRT4.dll
0x00007fffd2e30000 - 0x00007fffd2f7b000 	C:\WINDOWS\System32\ucrtbase.dll
0x00007fffc8380000 - 0x00007fffc8399000 	C:\Program Files\Java\jdk-21\bin\jli.dll
0x00007fffc8230000 - 0x00007fffc824b000 	C:\Program Files\Java\jdk-21\bin\VCRUNTIME140.dll
0x00007fffd51d0000 - 0x00007fffd5395000 	C:\WINDOWS\System32\USER32.dll
0x00007fffd3960000 - 0x00007fffd3987000 	C:\WINDOWS\System32\win32u.dll
0x00007fffd4530000 - 0x00007fffd455b000 	C:\WINDOWS\System32\GDI32.dll
0x00007fffd2780000 - 0x00007fffd28ab000 	C:\WINDOWS\System32\gdi32full.dll
0x00007fffd26d0000 - 0x00007fffd2773000 	C:\WINDOWS\System32\msvcp_win.dll
0x00007fffc22a0000 - 0x00007fffc2533000 	C:\WINDOWS\WinSxS\amd64_microsoft.windows.common-controls_6595b64144ccf1df_6.0.26100.8037_none_3e092faae333b53b\COMCTL32.dll
0x00007fffc7b30000 - 0x00007fffc7b3b000 	C:\WINDOWS\SYSTEM32\VERSION.dll
0x00007fffd5be0000 - 0x00007fffd5c11000 	C:\WINDOWS\System32\IMM32.DLL
0x00007fffc81e0000 - 0x00007fffc81ec000 	C:\Program Files\Java\jdk-21\bin\vcruntime140_1.dll
0x00007fffb2230000 - 0x00007fffb22be000 	C:\Program Files\Java\jdk-21\bin\msvcp140.dll
0x00007fff02950000 - 0x00007fff0366d000 	C:\Program Files\Java\jdk-21\bin\server\jvm.dll
0x00007fffd4df0000 - 0x00007fffd4e64000 	C:\WINDOWS\System32\WS2_32.dll
0x00007fffd23c0000 - 0x00007fffd241e000 	C:\WINDOWS\SYSTEM32\POWRPROF.dll
0x00007fffc8640000 - 0x00007fffc8675000 	C:\WINDOWS\SYSTEM32\WINMM.dll
0x00007fffd23a0000 - 0x00007fffd23b4000 	C:\WINDOWS\SYSTEM32\UMPDC.dll
0x00007fffd1280000 - 0x00007fffd129b000 	C:\WINDOWS\SYSTEM32\kernel.appcore.dll
0x00007fffc3d60000 - 0x00007fffc3d6a000 	C:\Program Files\Java\jdk-21\bin\jimage.dll
0x00007fffc59a0000 - 0x00007fffc5be2000 	C:\WINDOWS\SYSTEM32\DBGHELP.DLL
0x00007fffd3aa0000 - 0x00007fffd3e22000 	C:\WINDOWS\System32\combase.dll
0x00007fffd53a0000 - 0x00007fffd5477000 	C:\WINDOWS\System32\OLEAUT32.dll
0x00007fffbad60000 - 0x00007fffbad9b000 	C:\WINDOWS\SYSTEM32\dbgcore.DLL
0x00007fffd3040000 - 0x00007fffd30e5000 	C:\WINDOWS\System32\bcryptPrimitives.dll
0x00007fffc3d00000 - 0x00007fffc3d1f000 	C:\Program Files\Java\jdk-21\bin\java.dll

dbghelp: loaded successfully - version: 4.0.5 - missing functions: none
symbol engine: initialized successfully - sym options: 0x614 - pdb path: .;C:\Program Files\Java\jdk-21\bin;C:\WINDOWS\SYSTEM32;C:\WINDOWS\WinSxS\amd64_microsoft.windows.common-controls_6595b64144ccf1df_6.0.26100.8037_none_3e092faae333b53b;C:\Program Files\Java\jdk-21\bin\server

VM Arguments:
jvm_args: -Dclassworlds.conf=D:\Apache\Maven\apache-maven-3.9.11\bin\m2.conf -Dmaven.home=D:\Apache\Maven\apache-maven-3.9.11 -Dlibrary.jansi.path=D:\Apache\Maven\apache-maven-3.9.11\lib\jansi-native -Dmaven.multiModuleProjectDirectory=E:\ELM-CLOUD\ELM-CLOUD\elm-gateway-server 
java_command: org.codehaus.plexus.classworlds.launcher.Launcher spring-boot:run
java_class_path (initial): D:\Apache\Maven\apache-maven-3.9.11\boot\plexus-classworlds-2.9.0.jar
Launcher Type: SUN_STANDARD

[Global flags]
     intx CICompilerCount                          = 12                                        {product} {ergonomic}
     uint ConcGCThreads                            = 3                                         {product} {ergonomic}
     uint G1ConcRefinementThreads                  = 13                                        {product} {ergonomic}
   size_t G1HeapRegionSize                         = 4194304                                   {product} {ergonomic}
    uintx GCDrainStackTargetSize                   = 64                                        {product} {ergonomic}
   size_t InitialHeapSize                          = 520093696                                 {product} {ergonomic}
   size_t MarkStackSize                            = 4194304                                   {product} {ergonomic}
   size_t MaxHeapSize                              = 8271167488                                {product} {ergonomic}
   size_t MinHeapDeltaBytes                        = 4194304                                   {product} {ergonomic}
   size_t MinHeapSize                              = 8388608                                   {product} {ergonomic}
    uintx NonNMethodCodeHeapSize                   = 7602480                                {pd product} {ergonomic}
    uintx NonProfiledCodeHeapSize                  = 122027880                              {pd product} {ergonomic}
    uintx ProfiledCodeHeapSize                     = 122027880                              {pd product} {ergonomic}
    uintx ReservedCodeCacheSize                    = 251658240                              {pd product} {ergonomic}
     bool SegmentedCodeCache                       = true                                      {product} {ergonomic}
   size_t SoftMaxHeapSize                          = 8271167488                             {manageable} {ergonomic}
     bool UseCompressedOops                        = true                           {product lp64_product} {ergonomic}
     bool UseG1GC                                  = true                                      {product} {ergonomic}
     bool UseLargePagesIndividualAllocation        = false                                  {pd product} {ergonomic}

Logging:
Log output configuration:
 #0: stdout all=warning uptime,level,tags foldmultilines=false
 #1: stderr all=off uptime,level,tags foldmultilines=false

Environment Variables:
JAVA_HOME=C:\Program Files\Java\jdk-21
CLASSPATH=.;C:\Program Files\Java\jdk-21\lib\dt.jar;C:\Program Files\Java\jdk-21\lib\tools.jar;C:\Program Files\Java\jdk-21\lib;
PATH=C:\Program Files\Java\jdk-21\bin;C:\Users\Administrator\.trae-cn\tools\maven\latest\bin;C:\Users\Administrator\.trae-cn\tools\gradle\latest\bin;C:\Program Files\Java\jdk-21\bin;D:\Apache\Maven\apache-maven-3.9.11\bin;D:\Python;C:\WINDOWS\system32;C:\WINDOWS;C:\WINDOWS\System32\Wbem;C:\WINDOWS\System32\WindowsPowerShell\v1.0\;C:\WINDOWS\System32\OpenSSH\;D:\Git\cmd;E:\Node.js\;E:\Node.js\node_global\node modules;C:\Program Files\CursorModifier;D:\cursor\resources\app\bin;C:\ProgramData\chocolatey\bin;C:\ProgramData\mingw64\mingw64\bin;E:\Go\bin;C:\texlive\2025\bin\windows;E:\study\homework\compiling-fundamentals\lab1-files\x86_64-15.2.0-release-win32-seh-msvcrt-rt_v13-rev0\mingw64\bin;C:\Users\Administrator\AppData\Local\Microsoft\WindowsApps;E:\Node.js\node_global;E:\study\homework\compiling-fundamentals\lab1-files\UnxUtils\usr\local\lib;E:\study\homework\compiling-fundamentals\lab1-files\UnxUtils\usr\local\wbin;C:\Users\Administrator\AppData\Roaming\Programs\Zero Install;C:\Users\Administrator\go\bin;D:\Microsoft VS Code\bin;C:\Program Files\MongoDB\Server\8.2\bin;;c:\Users\Administrator\.trae-cn\extensions\vscjava.vscode-java-debug-0.58.5-universal\bundled\scripts\noConfigScripts
USERNAME=22x
LANG=zh_CN.UTF-8
OS=Windows_NT
PROCESSOR_IDENTIFIER=AMD64 Family 25 Model 117 Stepping 2, AuthenticAMD
TMP=C:\Users\ADMINI~1\AppData\Local\Temp
TEMP=C:\Users\ADMINI~1\AppData\Local\Temp




Periodic native trim disabled

---------------  S Y S T E M  ---------------

OS:
 Windows 11 , 64 bit Build 26100 (10.0.26100.7920)
OS uptime: 6 days 2:59 hours
Hyper-V role detected

CPU: total 16 (initial active 16) (16 cores per cpu, 2 threads per core) family 25 model 117 stepping 2 microcode 0xa70520a, cx8, cmov, fxsr, ht, mmx, 3dnowpref, sse, sse2, sse3, ssse3, sse4a, sse4.1, sse4.2, popcnt, lzcnt, tsc, tscinvbit, avx, avx2, aes, erms, clmul, bmi1, bmi2, adx, avx512f, avx512dq, avx512cd, avx512bw, avx512vl, sha, fma, vzeroupper, avx512_vpopcntdq, avx512_vpclmulqdq, avx512_vaes, avx512_vnni, clflush, clflushopt, avx512_vbmi2, avx512_vbmi, hv, rdtscp, rdpid, fsrm, gfni, avx512_bitalg, f16c, cet_ss, avx512_ifma
Processor Information for all 16 processors :
  Max Mhz: 3801, Current Mhz: 2508, Mhz Limit: 3801

Memory: 4k page, system-wide physical 31536M (11128M free)
TotalPageFile size 34826M (AvailPageFile size 4M)
current process WorkingSet (physical memory assigned to process): 13M, peak: 13M
current process commit charge ("private bytes"): 71M, peak: 567M

vm_info: Java HotSpot(TM) 64-Bit Server VM (21.0.9+7-LTS-338) for windows-amd64 JRE (21.0.9+7-LTS-338), built on 2025-09-26T06:33:49Z by "mach5run" with MS VC++ 17.6 (VS2022)

END.
